	Exporter version: 4.6.1, Blender version: 2.78 (sub 0)
========= Conversion from Blender to Babylon.js =========
	Scene settings used:
		selected layers only:  false
		flat shading entire scene:  false
		inline textures:  false
		texture directory:  /Users/jonny/Desktop/BabylonJS/
	Python World class constructor completed
	processing begun of node:  Empty
	processing begun of mesh:  Light 2
		processing begun of baked material:  Light 2
========= An error was encountered =========
  File "/Users/jonny/Library/Application Support/Blender/2.78/scripts/addons/io_export_babylon.py", line 330, in execute
    mesh = Mesh(object, scene, nextStartFace, forcedParent, nameID, self)
  File "/Users/jonny/Library/Application Support/Blender/2.78/scripts/addons/io_export_babylon.py", line 787, in __init__
    bakedMat = BakedMaterial(exporter, object, recipe)
  File "/Users/jonny/Library/Application Support/Blender/2.78/scripts/addons/io_export_babylon.py", line 2105, in __init__
    bpy.ops.object.mode_set(mode='EDIT')
  File "/Applications/blender.app/Contents/MacOS/../Resources/2.78/scripts/modules/bpy/ops.py", line 189, in __call__
    ret = op_call(self.idname_py(), None, kw)
ERROR:  Operator bpy.ops.object.mode_set.poll() failed, context is incorrect
========= end of processing =========
elapsed time:  0 min, 0.0045 secs
