	Exporter version: 4.6.1, Blender version: 2.78 (sub 0)
========= Conversion from Blender to Babylon.js =========
	Scene settings used:
		selected layers only:  false
		flat shading entire scene:  false
		inline textures:  false
		texture directory:  /Users/jonny/Desktop/BabylonJS/
	Python World class constructor completed
	processing begun of mesh:  Light 2.001
		processing begun of baked material:  Light 2.001
			Cycles baking texture, type: EMIT, mapped using: BakingUV
		num positions      :  4
		num normals        :  4
		num uvs            :  8
		num uvs2           :  0
		num colors         :  0
		num indices        :  6
	processing begun of mesh:  Glas ausen
		processing begun of baked material:  Glas ausen
		num positions      :  39242
		num normals        :  39242
		num uvs            :  78484
		num uvs2           :  0
		num colors         :  0
		num indices        :  190464
	processing begun of mesh:  Glas innen
		processing begun of baked material:  Glas innen
		num positions      :  29161
		num normals        :  29161
		num uvs            :  58322
		num uvs2           :  0
		num colors         :  0
		num indices        :  153600
	processing begun of mesh:  Light 2
		processing begun of baked material:  Light 2
			Cycles baking texture, type: EMIT, mapped using: BakingUV
		num positions      :  4
		num normals        :  4
		num uvs            :  8
		num uvs2           :  0
		num colors         :  0
		num indices        :  6
	processing begun of mesh:  Plane
		processing begun of baked material:  Plane
			Cycles baking texture, type: DIFFUSE_COLOR, mapped using: BakingUV
========= An error was encountered =========
  File "/Users/jonny/Library/Application Support/Blender/2.78/scripts/addons/io_export_babylon.py", line 330, in execute
    mesh = Mesh(object, scene, nextStartFace, forcedParent, nameID, self)
  File "/Users/jonny/Library/Application Support/Blender/2.78/scripts/addons/io_export_babylon.py", line 787, in __init__
    bakedMat = BakedMaterial(exporter, object, recipe)
  File "/Users/jonny/Library/Application Support/Blender/2.78/scripts/addons/io_export_babylon.py", line 2135, in __init__
    self.bake('diffuseTexture', 'DIFFUSE_COLOR', 'TEXTURE', image, mesh, uvName, exporter, recipe)
  File "/Users/jonny/Library/Application Support/Blender/2.78/scripts/addons/io_export_babylon.py", line 2167, in bake
    self.bakeCycles(cycles_type, image, uvName, recipe.nodeTrees)
  File "/Users/jonny/Library/Application Support/Blender/2.78/scripts/addons/io_export_babylon.py", line 2215, in bakeCycles
    bpy.ops.object.bake(type = bake_type, use_clear = True, margin = 5, use_selected_to_active = False)
  File "/Applications/blender.app/Contents/MacOS/../Resources/2.78/scripts/modules/bpy/ops.py", line 189, in __call__
    ret = op_call(self.idname_py(), None, kw)
ERROR:  Converting py args to operator properties:  enum "DIFFUSE_COLOR" not found in ('COMBINED', 'AO', 'SHADOW', 'NORMAL', 'UV', 'EMIT', 'ENVIRONMENT', 'DIFFUSE', 'GLOSSY', 'TRANSMISSION', 'SUBSURFACE')
========= end of processing =========
elapsed time:  0 min, 27.0574 secs
